Using pre-set license
Built from '2020.3/staging' branch; Version is '2020.3.21f1 (a38c86f6690f) revision 10718342'; Using compiler version '192528614'; Build Type 'Release'
OS: 'Windows 10 Enterprise; OS build 18363.1854; Version 1909; 64bit' Language: 'ko' Physical Memory: 16317 MB
BatchMode: 1, IsHumanControllingUs: 0, StartBugReporterOnCrash: 0, Is64bit: 1, IsPro: 0

COMMAND LINE ARGUMENTS:
C:\Program Files\Unity\Hub\Editor\2020.3.21f1\Editor\Unity.exe
-adb2
-batchMode
-noUpm
-name
AssetImportWorker0
-projectPath
C:/Users/multicampus/Desktop/SSAFY/2/PJT3/PJT/unity/PJT3
-logFile
Logs/AssetImportWorker0.log
-srvPort
52999
Successfully changed project path to: C:/Users/multicampus/Desktop/SSAFY/2/PJT3/PJT/unity/PJT3
C:/Users/multicampus/Desktop/SSAFY/2/PJT3/PJT/unity/PJT3
Using Asset Import Pipeline V2.
Refreshing native plugins compatible for Editor in 68.59 ms, found 2 plugins.
Preloading 0 native plugins for Editor in 0.00 ms.
Initialize engine version: 2020.3.21f1 (a38c86f6690f)
[Subsystems] Discovering subsystems at path C:/Program Files/Unity/Hub/Editor/2020.3.21f1/Editor/Data/Resources/UnitySubsystems
[Subsystems] Discovering subsystems at path C:/Users/multicampus/Desktop/SSAFY/2/PJT3/PJT/unity/PJT3/Assets
GfxDevice: creating device client; threaded=0
Direct3D:
    Version:  Direct3D 11.0 [level 11.1]
    Renderer: NVIDIA GeForce GTX 1060 (ID=0x1c20)
    Vendor:   
    VRAM:     6052 MB
    Driver:   30.0.14.7196
Initialize mono
Mono path[0] = 'C:/Program Files/Unity/Hub/Editor/2020.3.21f1/Editor/Data/Managed'
Mono path[1] = 'C:/Program Files/Unity/Hub/Editor/2020.3.21f1/Editor/Data/MonoBleedingEdge/lib/mono/unityjit'
Mono config path = 'C:/Program Files/Unity/Hub/Editor/2020.3.21f1/Editor/Data/MonoBleedingEdge/etc'
Using monoOptions --debugger-agent=transport=dt_socket,embedding=1,server=y,suspend=n,address=127.0.0.1:56172
Begin MonoManager ReloadAssembly
Registering precompiled unity dll's ...
Register platform support module: C:/Program Files/Unity/Hub/Editor/2020.3.21f1/Editor/Data/PlaybackEngines/WebGLSupport/UnityEditor.WebGL.Extensions.dll
Register platform support module: C:/Program Files/Unity/Hub/Editor/2020.3.21f1/Editor/Data/PlaybackEngines/WindowsStandaloneSupport/UnityEditor.WindowsStandalone.Extensions.dll
Registered in 0.003444 seconds.
Native extension for WindowsStandalone target not found
Native extension for WebGL target not found
Refreshing native plugins compatible for Editor in 97.98 ms, found 2 plugins.
Preloading 0 native plugins for Editor in 0.00 ms.
Mono: successfully reloaded assembly
- Completed reload, in  2.581 seconds
Domain Reload Profiling:
	ReloadAssembly (2582ms)
		BeginReloadAssembly (109ms)
			ExecutionOrderSort (0ms)
			DisableScriptedObjects (0ms)
			BackupInstance (0ms)
			ReleaseScriptingObjects (0ms)
			CreateAndSetChildDomain (1ms)
		EndReloadAssembly (964ms)
			LoadAssemblies (110ms)
			RebuildTransferFunctionScriptingTraits (0ms)
			SetupTypeCache (338ms)
			ReleaseScriptCaches (0ms)
			RebuildScriptCaches (58ms)
			SetupLoadedEditorAssemblies (322ms)
				LogAssemblyErrors (0ms)
				InitializePlatformSupportModulesInManaged (10ms)
				SetLoadedEditorAssemblies (1ms)
				RefreshPlugins (98ms)
				BeforeProcessingInitializeOnLoad (25ms)
				ProcessInitializeOnLoadAttributes (139ms)
				ProcessInitializeOnLoadMethodAttributes (50ms)
				AfterProcessingInitializeOnLoad (0ms)
				EditorAssembliesLoaded (0ms)
			ExecutionOrderSort2 (0ms)
			AwakeInstancesAfterBackupRestoration (0ms)
Platform modules already initialized, skipping
Registering precompiled user dll's ...
Registered in 0.014000 seconds.
Begin MonoManager ReloadAssembly
Native extension for WindowsStandalone target not found
Native extension for WebGL target not found
Refreshing native plugins compatible for Editor in 0.76 ms, found 2 plugins.
Preloading 0 native plugins for Editor in 0.00 ms.
Mono: successfully reloaded assembly
- Completed reload, in  1.742 seconds
Domain Reload Profiling:
	ReloadAssembly (1743ms)
		BeginReloadAssembly (280ms)
			ExecutionOrderSort (0ms)
			DisableScriptedObjects (11ms)
			BackupInstance (0ms)
			ReleaseScriptingObjects (0ms)
			CreateAndSetChildDomain (29ms)
		EndReloadAssembly (1350ms)
			LoadAssemblies (179ms)
			RebuildTransferFunctionScriptingTraits (0ms)
			SetupTypeCache (433ms)
			ReleaseScriptCaches (1ms)
			RebuildScriptCaches (65ms)
			SetupLoadedEditorAssemblies (568ms)
				LogAssemblyErrors (0ms)
				InitializePlatformSupportModulesInManaged (11ms)
				SetLoadedEditorAssemblies (1ms)
				RefreshPlugins (1ms)
				BeforeProcessingInitializeOnLoad (153ms)
				ProcessInitializeOnLoadAttributes (384ms)
				ProcessInitializeOnLoadMethodAttributes (12ms)
				AfterProcessingInitializeOnLoad (5ms)
				EditorAssembliesLoaded (0ms)
			ExecutionOrderSort2 (0ms)
			AwakeInstancesAfterBackupRestoration (10ms)
Platform modules already initialized, skipping
========================================================================
Worker process is ready to serve import requests
Launched and connected shader compiler UnityShaderCompiler.exe after 0.08 seconds
Refreshing native plugins compatible for Editor in 0.73 ms, found 2 plugins.
Preloading 0 native plugins for Editor in 0.00 ms.
Unloading 1819 Unused Serialized files (Serialized files now loaded: 0)
System memory in use before: 100.8 MB.
System memory in use after: 100.6 MB.

Unloading 24 unused Assets to reduce memory usage. Loaded Objects now: 2265.
Total: 3.846200 ms (FindLiveObjects: 0.217100 ms CreateObjectMapping: 0.086900 ms MarkObjects: 3.216000 ms  DeleteObjects: 0.324100 ms)

AssetImportParameters requested are different than current active one (requested -> active):
  custom:framework-win-MediaFoundation: 216162199b28c13a410421893ffa2e32 -> 
  custom:video-decoder-ogg-theora: a1e56fd34408186e4bbccfd4996cb3dc -> 
  custom:container-muxer-webm: aa71ff27fc2769a1b78a27578f13a17b -> 
  custom:container-demuxer-webm: 4f35f7cbe854078d1ac9338744f61a02 -> 
  custom:container-demuxer-ogg: 62fdf1f143b41e24485cea50d1cbac27 -> 
  custom:video-encoder-webm-vp8: eb34c28f22e8b96e1ab97ce403110664 -> 
  custom:video-decoder-webm-vp8: 9c59270c3fd7afecdb556c50c9e8de78 -> 
  custom:audio-decoder-ogg-vorbis: bf7c407c2cedff20999df2af8eb42d56 -> 
  custom:audio-encoder-webm-vorbis: bf7c407c2cedff20999df2af8eb42d56 -> 
========================================================================
Received Import Request.
  path: Assets/Scripts/ChatTest.cs
  artifactKey: Guid(060cde1387c8d6141bd7066e3b06210c) Importer(815301076,1909f56bfc062723c751e8b465ee728b)
Start importing Assets/Scripts/ChatTest.cs using Guid(060cde1387c8d6141bd7066e3b06210c) Importer(815301076,1909f56bfc062723c751e8b465ee728b)  -> (artifact id: '7429dcfa9ac47bf72f2714ce501f8d39') in 0.028809 seconds 
  Import took 0.032241 seconds .

========================================================================
Received Import Request.
  Time since last request: 29.178477 seconds.
  path: Assets/Scripts
  artifactKey: Guid(b876133bea9a69c4999b4774406550cd) Importer(815301076,1909f56bfc062723c751e8b465ee728b)
Start importing Assets/Scripts using Guid(b876133bea9a69c4999b4774406550cd) Importer(815301076,1909f56bfc062723c751e8b465ee728b)  -> (artifact id: 'e3499f8fb6a5210956b1781c7a2f417c') in 0.004292 seconds 
  Import took 0.007090 seconds .

========================================================================
Received Import Request.
  Time since last request: 5.829222 seconds.
  path: Assets/Scripts/chat.cs
  artifactKey: Guid(0980657546ed5594e8de03dc49e4c397) Importer(815301076,1909f56bfc062723c751e8b465ee728b)
Start importing Assets/Scripts/chat.cs using Guid(0980657546ed5594e8de03dc49e4c397) Importer(815301076,1909f56bfc062723c751e8b465ee728b)  -> (artifact id: '512cfcccefc30ada28ffc75828176e8c') in 0.008016 seconds 
  Import took 0.013168 seconds .

========================================================================
Received Import Request.
  Time since last request: 9.289353 seconds.
  path: Assets/models/ssafy.prefab
  artifactKey: Guid(7185930bc89704b4785e4b95e1218551) Importer(815301076,1909f56bfc062723c751e8b465ee728b)
Start importing Assets/models/ssafy.prefab using Guid(7185930bc89704b4785e4b95e1218551) Importer(815301076,1909f56bfc062723c751e8b465ee728b) Error assigning 3D texture to 2D texture property '_MainTex': Dimensions must match
UnityEngine.StackTraceUtility:ExtractStackTrace ()
UnityEditor.PreviewRenderUtility:Render (bool,bool)
UnityEditor.GameObjectInspector:DoRenderPreview ()
UnityEditor.GameObjectInspector:RenderStaticPreview (string,UnityEngine.Object[],int,int)
UnityEditor.AssetPreviewUpdater:CreatePreviewForAsset (UnityEngine.Object,UnityEngine.Object[],string)

[C:\buildslave\unity\build\Runtime/Shaders/ShaderImpl/ShaderTextureProperty.h line 41]

 -> (artifact id: '79943ca4c2fae2e8d952548a72bb9aa0') in 2.141471 seconds 
  Import took 2.341817 seconds .

========================================================================
Received Import Request.
  Time since last request: 0.000394 seconds.
  path: Assets/models/ssafy.skp
  artifactKey: Guid(76c47229800737f48b2637c42413c32c) Importer(815301076,1909f56bfc062723c751e8b465ee728b)
Start importing Assets/models/ssafy.skp using Guid(76c47229800737f48b2637c42413c32c) Importer(815301076,1909f56bfc062723c751e8b465ee728b)  -> (artifact id: 'b64a9376c4e9939ecaff60c7734b020f') in 12.861443 seconds 
  Import took 13.173419 seconds .

========================================================================
Received Import Request.
  Time since last request: 0.000515 seconds.
  path: Assets/Photon Unity Networking/PunIcon-White-128.png
  artifactKey: Guid(e1e27211415083e41bd38b51da93f58b) Importer(815301076,1909f56bfc062723c751e8b465ee728b)
Start importing Assets/Photon Unity Networking/PunIcon-White-128.png using Guid(e1e27211415083e41bd38b51da93f58b) Importer(815301076,1909f56bfc062723c751e8b465ee728b)  -> (artifact id: '059f5efaa41719dd6287cb371729cb5d') in 0.104335 seconds 
  Import took 0.109253 seconds .

========================================================================
Received Import Request.
  Time since last request: 0.000440 seconds.
  path: Assets/Photon Unity Networking/PhotonCloud-icon.png
  artifactKey: Guid(8425b95fef16c3f4194e3a20e245cb67) Importer(815301076,1909f56bfc062723c751e8b465ee728b)
Start importing Assets/Photon Unity Networking/PhotonCloud-icon.png using Guid(8425b95fef16c3f4194e3a20e245cb67) Importer(815301076,1909f56bfc062723c751e8b465ee728b)  -> (artifact id: '2d0b96b32c479d9fb23bc07d1b7ff2a4') in 0.017251 seconds 
  Import took 0.022105 seconds .

========================================================================
Received Import Request.
  Time since last request: 0.000449 seconds.
  path: Assets/models/unitychan_dynamic.prefab
  artifactKey: Guid(69389158b4964fc40bffaab0e1e56bed) Importer(815301076,1909f56bfc062723c751e8b465ee728b)
Start importing Assets/models/unitychan_dynamic.prefab using Guid(69389158b4964fc40bffaab0e1e56bed) Importer(815301076,1909f56bfc062723c751e8b465ee728b)  -> (artifact id: '6d8ee63806fffaa764d09c5fe2a23c66') in 0.175881 seconds 
  Import took 0.190590 seconds .

========================================================================
Received Import Request.
  Time since last request: 2.005114 seconds.
  path: Assets/models
  artifactKey: Guid(cced642b72026ac42ad6cf82c4f2bb4e) Importer(815301076,1909f56bfc062723c751e8b465ee728b)
Start importing Assets/models using Guid(cced642b72026ac42ad6cf82c4f2bb4e) Importer(815301076,1909f56bfc062723c751e8b465ee728b)  -> (artifact id: '1dc08de2a892a174d9f475c1d249f085') in 0.004351 seconds 
  Import took 0.007395 seconds .

========================================================================
Received Import Request.
  Time since last request: 8.219685 seconds.
  path: Assets/models/chat.cs
  artifactKey: Guid(a21777793c3949b4cbad1b47e206eaa3) Importer(815301076,1909f56bfc062723c751e8b465ee728b)
Start importing Assets/models/chat.cs using Guid(a21777793c3949b4cbad1b47e206eaa3) Importer(815301076,1909f56bfc062723c751e8b465ee728b)  -> (artifact id: 'fa86442cea6c5698ba5d1c870d9ff119') in 0.023513 seconds 
  Import took 0.100683 seconds .

========================================================================
Received Import Request.
  Time since last request: 9.896473 seconds.
  path: Assets/models/yyyy.cs
  artifactKey: Guid(a21777793c3949b4cbad1b47e206eaa3) Importer(815301076,1909f56bfc062723c751e8b465ee728b)
Start importing Assets/models/yyyy.cs using Guid(a21777793c3949b4cbad1b47e206eaa3) Importer(815301076,1909f56bfc062723c751e8b465ee728b)  -> (artifact id: 'ccebc7b6cc22e728790ec01845ab8a42') in 0.006247 seconds 
  Import took 0.025050 seconds .

========================================================================
Received Import Request.
  Time since last request: 18.599872 seconds.
  path: Assets/models/NewBehaviourScript.cs
  artifactKey: Guid(4fa35f85049c76f408111617a8b62343) Importer(815301076,1909f56bfc062723c751e8b465ee728b)
Start importing Assets/models/NewBehaviourScript.cs using Guid(4fa35f85049c76f408111617a8b62343) Importer(815301076,1909f56bfc062723c751e8b465ee728b)  -> (artifact id: 'ede6fba356898c3686286ffac3bc760a') in 0.007155 seconds 
  Import took 0.012959 seconds .

========================================================================
Received Import Request.
  Time since last request: 65.946446 seconds.
  path: Assets/chatting.cs
  artifactKey: Guid(4cd931d5a8d225647813a45ed94f32c9) Importer(815301076,1909f56bfc062723c751e8b465ee728b)
Start importing Assets/chatting.cs using Guid(4cd931d5a8d225647813a45ed94f32c9) Importer(815301076,1909f56bfc062723c751e8b465ee728b)  -> (artifact id: 'f0aede0060168515ff2013db6e2994ee') in 0.005675 seconds 
  Import took 0.009234 seconds .

========================================================================
Received Import Request.
  Time since last request: 181.186506 seconds.
  path: Assets/chatting.cs
  artifactKey: Guid(4cd931d5a8d225647813a45ed94f32c9) Importer(815301076,1909f56bfc062723c751e8b465ee728b)
Start importing Assets/chatting.cs using Guid(4cd931d5a8d225647813a45ed94f32c9) Importer(815301076,1909f56bfc062723c751e8b465ee728b)  -> (artifact id: '0404496b99db1bffac8f3830f0edc5e4') in 0.007655 seconds 
  Import took 0.013305 seconds .

========================================================================
Received Import Request.
  Time since last request: 0.253071 seconds.
  path: Assets/models/Textures/Metal_Corrogated_Shiny_tint0x333333FF.jpg
  artifactKey: Guid(7a6ce5eabb714224c890bbfaa93f562e) Importer(815301076,1909f56bfc062723c751e8b465ee728b)
Start importing Assets/models/Textures/Metal_Corrogated_Shiny_tint0x333333FF.jpg using Guid(7a6ce5eabb714224c890bbfaa93f562e) Importer(815301076,1909f56bfc062723c751e8b465ee728b)  -> (artifact id: '9432317f79b0e3c9e0397e8646beafda') in 0.032782 seconds 
  Import took 0.037596 seconds .

========================================================================
Received Import Request.
  Time since last request: 0.000494 seconds.
  path: Assets/models/Textures/POSTCARD - TORONTO - SUNNYSIDE BEACH PARK - EASTERN ENTRANCE - NOTE POTATOES SIGN - 1940s.jpg
  artifactKey: Guid(766bef2b7f7233049abd838a0785e673) Importer(815301076,1909f56bfc062723c751e8b465ee728b)
Start importing Assets/models/Textures/POSTCARD - TORONTO - SUNNYSIDE BEACH PARK - EASTERN ENTRANCE - NOTE POTATOES SIGN - 1940s.jpg using Guid(766bef2b7f7233049abd838a0785e673) Importer(815301076,1909f56bfc062723c751e8b465ee728b)  -> (artifact id: '0f8d2b3ad2f52fd0d3ad4724f1ea5f50') in 0.021837 seconds 
  Import took 0.026638 seconds .

========================================================================
Received Import Request.
  Time since last request: 0.000476 seconds.
  path: Assets/models/Textures/Metal_Texture_PLUS_Metal_Grid.jpg
  artifactKey: Guid(78fa14f971e048348955288b9b6bb1c0) Importer(815301076,1909f56bfc062723c751e8b465ee728b)
Start importing Assets/models/Textures/Metal_Texture_PLUS_Metal_Grid.jpg using Guid(78fa14f971e048348955288b9b6bb1c0) Importer(815301076,1909f56bfc062723c751e8b465ee728b)  -> (artifact id: 'e08d2461d8bc2ad35dab5417556f38b7') in 0.019222 seconds 
  Import took 0.024904 seconds .

========================================================================
Received Import Request.
  Time since last request: 0.000453 seconds.
  path: Assets/models/Textures/Metal_Seamed.jpg
  artifactKey: Guid(0e7847e1a9d227040ae4396f77abcd6e) Importer(815301076,1909f56bfc062723c751e8b465ee728b)
Start importing Assets/models/Textures/Metal_Seamed.jpg using Guid(0e7847e1a9d227040ae4396f77abcd6e) Importer(815301076,1909f56bfc062723c751e8b465ee728b)  -> (artifact id: 'c2bbfaf807dda76e76f5d242d7f4b09f') in 0.019101 seconds 
  Import took 0.024576 seconds .

========================================================================
Received Import Request.
  Time since last request: 0.000475 seconds.
  path: Assets/models/Textures/Metal_Corrogated_Shiny_tint0xB2B2B2FF.jpg
  artifactKey: Guid(bebe43339cc99ee47b5ef1a6d8c4a3b4) Importer(815301076,1909f56bfc062723c751e8b465ee728b)
Start importing Assets/models/Textures/Metal_Corrogated_Shiny_tint0xB2B2B2FF.jpg using Guid(bebe43339cc99ee47b5ef1a6d8c4a3b4) Importer(815301076,1909f56bfc062723c751e8b465ee728b)  -> (artifact id: 'acf3fb6c10d3a06465aca5e9b5e3dd78') in 0.017609 seconds 
  Import took 0.022386 seconds .

========================================================================
Received Import Request.
  Time since last request: 0.000556 seconds.
  path: Assets/models/Textures/Screen Shot 2012-07-18 at 3.57.58 PM.png
  artifactKey: Guid(b8997025c220d8c46900bea56093d55b) Importer(815301076,1909f56bfc062723c751e8b465ee728b)
Start importing Assets/models/Textures/Screen Shot 2012-07-18 at 3.57.58 PM.png using Guid(b8997025c220d8c46900bea56093d55b) Importer(815301076,1909f56bfc062723c751e8b465ee728b)  -> (artifact id: 'fff090f9c1ec56b64600409f234ca283') in 0.018673 seconds 
  Import took 0.023914 seconds .

========================================================================
Received Import Request.
  Time since last request: 0.000483 seconds.
  path: Assets/models/Textures/SCA-5101D_Designer-White-1.jpg
  artifactKey: Guid(cc2128b9384c83a41a64a228e6d42ba0) Importer(815301076,1909f56bfc062723c751e8b465ee728b)
Start importing Assets/models/Textures/SCA-5101D_Designer-White-1.jpg using Guid(cc2128b9384c83a41a64a228e6d42ba0) Importer(815301076,1909f56bfc062723c751e8b465ee728b)  -> (artifact id: '84aa70a23f5fab2077ea4a9c1a59a762') in 0.023793 seconds 
  Import took 0.029666 seconds .

========================================================================
Received Import Request.
  Time since last request: 0.000404 seconds.
  path: Assets/models/Textures/mirro.png
  artifactKey: Guid(29d7bbe4dd506114ca36bd6f4a354d17) Importer(815301076,1909f56bfc062723c751e8b465ee728b)
Start importing Assets/models/Textures/mirro.png using Guid(29d7bbe4dd506114ca36bd6f4a354d17) Importer(815301076,1909f56bfc062723c751e8b465ee728b)  -> (artifact id: 'b2e28022390cab2c2d5bc05e5ca33b17') in 0.023393 seconds 
  Import took 0.028258 seconds .

========================================================================
Received Import Request.
  Time since last request: 0.000487 seconds.
  path: Assets/models/Textures/Metal_Steel_Textured.jpg
  artifactKey: Guid(16551cd35ab442548a3848d67dbeb8ec) Importer(815301076,1909f56bfc062723c751e8b465ee728b)
Start importing Assets/models/Textures/Metal_Steel_Textured.jpg using Guid(16551cd35ab442548a3848d67dbeb8ec) Importer(815301076,1909f56bfc062723c751e8b465ee728b)  -> (artifact id: 'bcb50df53cdbba92932fc916e615e0fb') in 0.021594 seconds 
  Import took 0.027548 seconds .

========================================================================
Received Import Request.
  Time since last request: 0.000396 seconds.
  path: Assets/models/Textures/palmleaf_extractedTex.jpg
  artifactKey: Guid(eed8b70be490f454680e06a99135ca64) Importer(815301076,1909f56bfc062723c751e8b465ee728b)
Start importing Assets/models/Textures/palmleaf_extractedTex.jpg using Guid(eed8b70be490f454680e06a99135ca64) Importer(815301076,1909f56bfc062723c751e8b465ee728b)  -> (artifact id: 'c2704deef5657104b098857e272fac77') in 0.019287 seconds 
  Import took 0.025334 seconds .

========================================================================
Received Import Request.
  Time since last request: 0.000516 seconds.
  path: Assets/models/Textures/Red.jpg
  artifactKey: Guid(e80364f1970f85445bdf439b77d64a19) Importer(815301076,1909f56bfc062723c751e8b465ee728b)
Start importing Assets/models/Textures/Red.jpg using Guid(e80364f1970f85445bdf439b77d64a19) Importer(815301076,1909f56bfc062723c751e8b465ee728b)  -> (artifact id: 'f8e3a7829b55a9be3f02f810bebf4e71') in 0.023038 seconds 
  Import took 0.027933 seconds .

========================================================================
Received Import Request.
  Time since last request: 0.000447 seconds.
  path: Assets/models/Textures/sam.jpg
  artifactKey: Guid(fd24697164df0c547bffe8333888da9d) Importer(815301076,1909f56bfc062723c751e8b465ee728b)
Start importing Assets/models/Textures/sam.jpg using Guid(fd24697164df0c547bffe8333888da9d) Importer(815301076,1909f56bfc062723c751e8b465ee728b)  -> (artifact id: '2de93c6de1ca33148c45a5771bc522d5') in 0.019310 seconds 
  Import took 0.024660 seconds .

========================================================================
Received Import Request.
  Time since last request: 0.000431 seconds.
  path: Assets/models/Textures/Quartz Light Grey.jpg
  artifactKey: Guid(ec6bd70e1d41ba044aa9bb9752c188b5) Importer(815301076,1909f56bfc062723c751e8b465ee728b)
Start importing Assets/models/Textures/Quartz Light Grey.jpg using Guid(ec6bd70e1d41ba044aa9bb9752c188b5) Importer(815301076,1909f56bfc062723c751e8b465ee728b)  -> (artifact id: 'afdb92ee8b9d84ff02d8ba3eefd93662') in 0.019300 seconds 
  Import took 0.023950 seconds .

========================================================================
Received Import Request.
  Time since last request: 0.000441 seconds.
  path: Assets/models/Textures/Metal_Rough.jpg
  artifactKey: Guid(222ba1acf2a6e3e4aa1863f0f22edf53) Importer(815301076,1909f56bfc062723c751e8b465ee728b)
Start importing Assets/models/Textures/Metal_Rough.jpg using Guid(222ba1acf2a6e3e4aa1863f0f22edf53) Importer(815301076,1909f56bfc062723c751e8b465ee728b)  -> (artifact id: 'f1941d6a88ca215027aeab7642459f61') in 0.019097 seconds 
  Import took 0.025490 seconds .

========================================================================
Received Import Request.
  Time since last request: 0.000496 seconds.
  path: Assets/models/Textures/piso_laminado_eucafloor_evidence_italian_noce_7mmx25,5cmx1,37m_89062505_0001_600x600.jpg
  artifactKey: Guid(1d68663b9762a8a439e01a8c692f581a) Importer(815301076,1909f56bfc062723c751e8b465ee728b)
Start importing Assets/models/Textures/piso_laminado_eucafloor_evidence_italian_noce_7mmx25,5cmx1,37m_89062505_0001_600x600.jpg using Guid(1d68663b9762a8a439e01a8c692f581a) Importer(815301076,1909f56bfc062723c751e8b465ee728b)  -> (artifact id: 'c6773e86307c695a4e0a0c24b7db8c4e') in 0.018532 seconds 
  Import took 0.023006 seconds .

========================================================================
Received Import Request.
  Time since last request: 0.000368 seconds.
  path: Assets/models/Textures/Metal_Corrogated_Shiny_tint0xD1D1D1FF.jpg
  artifactKey: Guid(0ef4f81abef0bcf4db0243a64356b2d2) Importer(815301076,1909f56bfc062723c751e8b465ee728b)
Start importing Assets/models/Textures/Metal_Corrogated_Shiny_tint0xD1D1D1FF.jpg using Guid(0ef4f81abef0bcf4db0243a64356b2d2) Importer(815301076,1909f56bfc062723c751e8b465ee728b)  -> (artifact id: '834f4a34c68a671ed8731f36ffc2eee0') in 0.017941 seconds 
  Import took 0.023378 seconds .

========================================================================
Received Import Request.
  Time since last request: 0.000423 seconds.
  path: Assets/models/Textures/Setu_tint0x535353FF.jpg
  artifactKey: Guid(42376b1b3251ef24aa4bfbe3c61282b6) Importer(815301076,1909f56bfc062723c751e8b465ee728b)
Start importing Assets/models/Textures/Setu_tint0x535353FF.jpg using Guid(42376b1b3251ef24aa4bfbe3c61282b6) Importer(815301076,1909f56bfc062723c751e8b465ee728b)  -> (artifact id: 'e531535007d50d8dfc22557061aff382') in 0.028681 seconds 
  Import took 0.034916 seconds .

========================================================================
Received Import Request.
  Time since last request: 0.000458 seconds.
  path: Assets/models/Textures/Metal_Steel_Textured_White.jpg
  artifactKey: Guid(0568ab11351a22745af21acdd2d12628) Importer(815301076,1909f56bfc062723c751e8b465ee728b)
Start importing Assets/models/Textures/Metal_Steel_Textured_White.jpg using Guid(0568ab11351a22745af21acdd2d12628) Importer(815301076,1909f56bfc062723c751e8b465ee728b)  -> (artifact id: 'b9c82b31745c12d84edc0c72a5d5612e') in 0.024338 seconds 
  Import took 0.031305 seconds .

========================================================================
Received Import Request.
  Time since last request: 0.000382 seconds.
  path: Assets/models/Textures/Mountain_Dew.jpg
  artifactKey: Guid(59bc73aa3675e814fb881d73036f3b19) Importer(815301076,1909f56bfc062723c751e8b465ee728b)
Start importing Assets/models/Textures/Mountain_Dew.jpg using Guid(59bc73aa3675e814fb881d73036f3b19) Importer(815301076,1909f56bfc062723c751e8b465ee728b)  -> (artifact id: '6a8c8dfd3972534d1c77c8ef0d6c7722') in 0.020141 seconds 
  Import took 0.025014 seconds .

========================================================================
Received Import Request.
  Time since last request: 0.000439 seconds.
  path: Assets/models/Textures/P1050117-ready.jpg
  artifactKey: Guid(246b09941e43c6549a2a5f95dedd4f5c) Importer(815301076,1909f56bfc062723c751e8b465ee728b)
Start importing Assets/models/Textures/P1050117-ready.jpg using Guid(246b09941e43c6549a2a5f95dedd4f5c) Importer(815301076,1909f56bfc062723c751e8b465ee728b)  -> (artifact id: '4d72de6ce49667b53699d085419908eb') in 0.020726 seconds 
  Import took 0.026631 seconds .

========================================================================
Received Import Request.
  Time since last request: 0.000350 seconds.
  path: Assets/models/Textures/Orange.jpg
  artifactKey: Guid(39088fc2dc682764286c23f4ac34a44a) Importer(815301076,1909f56bfc062723c751e8b465ee728b)
Start importing Assets/models/Textures/Orange.jpg using Guid(39088fc2dc682764286c23f4ac34a44a) Importer(815301076,1909f56bfc062723c751e8b465ee728b)  -> (artifact id: '59065746a36399e88e37b489067e506d') in 0.017960 seconds 
  Import took 0.022668 seconds .

========================================================================
Received Import Request.
  Time since last request: 741.994834 seconds.
  path: Assets/models/Textures/lojas-de-piso-em-granito-branco-carrata-no-tremembe.JPG
  artifactKey: Guid(25c0e139fba4ef44fac23157d70ec6ec) Importer(815301076,1909f56bfc062723c751e8b465ee728b)
Start importing Assets/models/Textures/lojas-de-piso-em-granito-branco-carrata-no-tremembe.JPG using Guid(25c0e139fba4ef44fac23157d70ec6ec) Importer(815301076,1909f56bfc062723c751e8b465ee728b)  -> (artifact id: '79cc9059d2220f04972b713965c7deaa') in 1.646665 seconds 
  Import took 1.678336 seconds .

========================================================================
Received Import Request.
  Time since last request: 0.484403 seconds.
  path: Assets/models/Textures/Metal_Corrogated_Shiny(1)_tint0xA1A3A8FF.jpg
  artifactKey: Guid(039db1d9b86000c40b16e17503d73338) Importer(815301076,1909f56bfc062723c751e8b465ee728b)
Start importing Assets/models/Textures/Metal_Corrogated_Shiny(1)_tint0xA1A3A8FF.jpg using Guid(039db1d9b86000c40b16e17503d73338) Importer(815301076,1909f56bfc062723c751e8b465ee728b)  -> (artifact id: '597c0ac068a3908ebbe8f8d2fb107478') in 2.240140 seconds 
  Import took 2.280021 seconds .

========================================================================
Received Import Request.
  Time since last request: 0.002782 seconds.
  path: Assets/models/Textures/SU-Gen1_tint0xE8E8E8FF.png
  artifactKey: Guid(a0d4a4b8fb682134fb06b4af763c8c80) Importer(815301076,1909f56bfc062723c751e8b465ee728b)
Start importing Assets/models/Textures/SU-Gen1_tint0xE8E8E8FF.png using Guid(a0d4a4b8fb682134fb06b4af763c8c80) Importer(815301076,1909f56bfc062723c751e8b465ee728b)  -> (artifact id: '8c0a3db67ffbef4ff7f2c7e630ada70b') in 1.846999 seconds 
  Import took 1.899253 seconds .

========================================================================
Received Import Request.
  Time since last request: 0.008040 seconds.
  path: Assets/models/Textures/Stone_Vein_Gray_tint0x262626FF.jpg
  artifactKey: Guid(554fe877378c5744d8259d6760d63afe) Importer(815301076,1909f56bfc062723c751e8b465ee728b)
Start importing Assets/models/Textures/Stone_Vein_Gray_tint0x262626FF.jpg using Guid(554fe877378c5744d8259d6760d63afe) Importer(815301076,1909f56bfc062723c751e8b465ee728b)  -> (artifact id: 'aecf7710ec6c41ae41b2994c82b4fa5d') in 1.679415 seconds 
  Import took 1.699408 seconds .

========================================================================
Received Import Request.
  Time since last request: 0.001141 seconds.
  path: Assets/models/Textures/Metal_Corrogated_Shiny_tint0x3F3F3FFF.jpg
  artifactKey: Guid(78dd5c9e17104b14da13a2aa891b8573) Importer(815301076,1909f56bfc062723c751e8b465ee728b)
Start importing Assets/models/Textures/Metal_Corrogated_Shiny_tint0x3F3F3FFF.jpg using Guid(78dd5c9e17104b14da13a2aa891b8573) Importer(815301076,1909f56bfc062723c751e8b465ee728b)  -> (artifact id: '8f3b78eb272e19ffbe4fb9050495a847') in 6.917482 seconds 
  Import took 7.110043 seconds .

========================================================================
Received Import Request.
  Time since last request: 0.145499 seconds.
  path: Assets/models/Textures/SU-Gen1_tint0x969696FF.png
  artifactKey: Guid(218f9ec99a0c7ec4c9fe7c0df2fd7f6d) Importer(815301076,1909f56bfc062723c751e8b465ee728b)
Start importing Assets/models/Textures/SU-Gen1_tint0x969696FF.png using Guid(218f9ec99a0c7ec4c9fe7c0df2fd7f6d) Importer(815301076,1909f56bfc062723c751e8b465ee728b)  -> (artifact id: 'c4ab75a42b1363474f0463f4b8512f35') in 3.105919 seconds 
  Import took 3.360803 seconds .

========================================================================
Received Import Request.
  Time since last request: 1.775956 seconds.
  path: Assets/models/Textures/Metal_Corrogated_Shiny_tint0x1C090933.jpg
  artifactKey: Guid(89abab2e86717414482ea50eefcd2f32) Importer(815301076,1909f56bfc062723c751e8b465ee728b)
Start importing Assets/models/Textures/Metal_Corrogated_Shiny_tint0x1C090933.jpg using Guid(89abab2e86717414482ea50eefcd2f32) Importer(815301076,1909f56bfc062723c751e8b465ee728b)  -> (artifact id: '05369d64c29a7165381019f2118c04af') in 1.711229 seconds 
  Import took 1.746209 seconds .

========================================================================
Received Import Request.
  Time since last request: 0.047236 seconds.
  path: Assets/models/Textures/Metal_Corrogated_Shiny_tint0x321E0AFF.jpg
  artifactKey: Guid(8b3f367d6a685cb4cad547067e9361ab) Importer(815301076,1909f56bfc062723c751e8b465ee728b)
Start importing Assets/models/Textures/Metal_Corrogated_Shiny_tint0x321E0AFF.jpg using Guid(8b3f367d6a685cb4cad547067e9361ab) Importer(815301076,1909f56bfc062723c751e8b465ee728b)  -> (artifact id: '2d9b5ab61f223458f7de5cd8549d3d23') in 3.290019 seconds 
  Import took 3.315536 seconds .

========================================================================
Received Import Request.
  Time since last request: 0.455321 seconds.
  path: Assets/models/Textures/M227WDP-PZ[1].jpg
  artifactKey: Guid(585e5deeca214744bbfd965406f91383) Importer(815301076,1909f56bfc062723c751e8b465ee728b)
Start importing Assets/models/Textures/M227WDP-PZ[1].jpg using Guid(585e5deeca214744bbfd965406f91383) Importer(815301076,1909f56bfc062723c751e8b465ee728b)  -> (artifact id: 'b4e4d339dce4a9fa27c71407de219191') in 5.172756 seconds 
  Import took 5.257656 seconds .

========================================================================
Received Import Request.
  Time since last request: 292.831060 seconds.
  path: Assets/models/Textures/m227wd09[1].jpg
  artifactKey: Guid(0a55a7d62ba8eac41856aa3fdf4a77d8) Importer(815301076,1909f56bfc062723c751e8b465ee728b)
Start importing Assets/models/Textures/m227wd09[1].jpg using Guid(0a55a7d62ba8eac41856aa3fdf4a77d8) Importer(815301076,1909f56bfc062723c751e8b465ee728b)  -> (artifact id: '9f5005247ff256104ec1b99fb5cfce53') in 0.025217 seconds 
  Import took 0.030181 seconds .

========================================================================
Received Import Request.
  Time since last request: 0.000541 seconds.
  path: Assets/models/Textures/Merchant 6 SnackHIGH.jpg
  artifactKey: Guid(413058639465c6949b220096793533cc) Importer(815301076,1909f56bfc062723c751e8b465ee728b)
Start importing Assets/models/Textures/Merchant 6 SnackHIGH.jpg using Guid(413058639465c6949b220096793533cc) Importer(815301076,1909f56bfc062723c751e8b465ee728b)  -> (artifact id: '9e15940326ceb39cb3dfc555507363ff') in 0.024669 seconds 
  Import took 0.028362 seconds .

========================================================================
Received Import Request.
  Time since last request: 0.000384 seconds.
  path: Assets/models/Textures/Metal_Aluminum_Anodized_tint0xFFFFFFFF.jpg
  artifactKey: Guid(f55c862bf29947d4c8ac1aba95db8c7a) Importer(815301076,1909f56bfc062723c751e8b465ee728b)
Start importing Assets/models/Textures/Metal_Aluminum_Anodized_tint0xFFFFFFFF.jpg using Guid(f55c862bf29947d4c8ac1aba95db8c7a) Importer(815301076,1909f56bfc062723c751e8b465ee728b)  -> (artifact id: '617d23b255deab9f7bb4c060102484d7') in 0.245185 seconds 
  Import took 0.251317 seconds .

========================================================================
Received Import Request.
  Time since last request: 0.000392 seconds.
  path: Assets/models/Textures/SU-Gen1_tint0x4E598CFF.png
  artifactKey: Guid(c6f1f723ff8e5734287f48abe2023805) Importer(815301076,1909f56bfc062723c751e8b465ee728b)
Start importing Assets/models/Textures/SU-Gen1_tint0x4E598CFF.png using Guid(c6f1f723ff8e5734287f48abe2023805) Importer(815301076,1909f56bfc062723c751e8b465ee728b)  -> (artifact id: 'cd49f20cec0a06b8ec3cb835bc476f37') in 0.021966 seconds 
  Import took 0.027041 seconds .

========================================================================
Received Import Request.
  Time since last request: 0.000331 seconds.
  path: Assets/models/Textures/Stone_Marble.jpg
  artifactKey: Guid(8d82dedf6111c8247ad911099b490f30) Importer(815301076,1909f56bfc062723c751e8b465ee728b)
Start importing Assets/models/Textures/Stone_Marble.jpg using Guid(8d82dedf6111c8247ad911099b490f30) Importer(815301076,1909f56bfc062723c751e8b465ee728b)  -> (artifact id: '0370b5e35346a86b0cfaa876ddc7a325') in 0.028769 seconds 
  Import took 0.033525 seconds .

========================================================================
Received Import Request.
  Time since last request: 0.000344 seconds.
  path: Assets/models/Textures/Spiegelnde oberfläche.png
  artifactKey: Guid(3fba3cb8db00f2e4d8a8e33205dd7886) Importer(815301076,1909f56bfc062723c751e8b465ee728b)
Start importing Assets/models/Textures/Spiegelnde oberfläche.png using Guid(3fba3cb8db00f2e4d8a8e33205dd7886) Importer(815301076,1909f56bfc062723c751e8b465ee728b)  -> (artifact id: 'd84502579a9a7a47cdc920273bdd26c8') in 0.028193 seconds 
  Import took 0.034029 seconds .

========================================================================
Received Import Request.
  Time since last request: 0.000452 seconds.
  path: Assets/models/Textures/Metal_Corrogated_Shiny.jpg
  artifactKey: Guid(cf03a14ba21bda2489e1a6a99ad6c828) Importer(815301076,1909f56bfc062723c751e8b465ee728b)
Start importing Assets/models/Textures/Metal_Corrogated_Shiny.jpg using Guid(cf03a14ba21bda2489e1a6a99ad6c828) Importer(815301076,1909f56bfc062723c751e8b465ee728b)  -> (artifact id: '1bf2adac34348b96737e574202def44e') in 0.031480 seconds 
  Import took 0.037055 seconds .

========================================================================
Received Import Request.
  Time since last request: 0.000402 seconds.
  path: Assets/models/Textures/Silver.jpg
  artifactKey: Guid(60b15d82fcd2e27498571c335d640ad9) Importer(815301076,1909f56bfc062723c751e8b465ee728b)
Start importing Assets/models/Textures/Silver.jpg using Guid(60b15d82fcd2e27498571c335d640ad9) Importer(815301076,1909f56bfc062723c751e8b465ee728b)  -> (artifact id: '08f6864b3c2b1487c67258f30b57f47e') in 0.026857 seconds 
  Import took 0.032771 seconds .

========================================================================
Received Import Request.
  Time since last request: 0.000434 seconds.
  path: Assets/models/Textures/soda-machine.jpg
  artifactKey: Guid(ef9faf65824fa424690df2654b26fbd8) Importer(815301076,1909f56bfc062723c751e8b465ee728b)
Start importing Assets/models/Textures/soda-machine.jpg using Guid(ef9faf65824fa424690df2654b26fbd8) Importer(815301076,1909f56bfc062723c751e8b465ee728b)  -> (artifact id: '4325366134b37220cdb9ec22f4880060') in 0.028004 seconds 
  Import took 0.033217 seconds .

========================================================================
Received Import Request.
  Time since last request: 0.000371 seconds.
  path: Assets/models/Textures/Metal_Aluminum_Anodized.jpg
  artifactKey: Guid(c903ba0f0c824344c9ceb6a99afb095d) Importer(815301076,1909f56bfc062723c751e8b465ee728b)
Start importing Assets/models/Textures/Metal_Aluminum_Anodized.jpg using Guid(c903ba0f0c824344c9ceb6a99afb095d) Importer(815301076,1909f56bfc062723c751e8b465ee728b)  -> (artifact id: '9e26106fe7d81a64dca01f55e9f1c645') in 0.022660 seconds 
  Import took 0.027943 seconds .

========================================================================
Received Import Request.
  Time since last request: 0.000342 seconds.
  path: Assets/models/Textures/Metal_Corrogated_Shiny_tint0x1C0909FF.jpg
  artifactKey: Guid(1873be46224f8db408f0839abfcf33fc) Importer(815301076,1909f56bfc062723c751e8b465ee728b)
Start importing Assets/models/Textures/Metal_Corrogated_Shiny_tint0x1C0909FF.jpg using Guid(1873be46224f8db408f0839abfcf33fc) Importer(815301076,1909f56bfc062723c751e8b465ee728b)  -> (artifact id: 'f99cbfcc3deef47d32cfaba4c147a687') in 0.020413 seconds 
  Import took 0.025927 seconds .

========================================================================
Received Import Request.
  Time since last request: 0.000422 seconds.
  path: Assets/models/Textures/SU-Gen Cylinder_tint0xB0B0B0FF.jpg
  artifactKey: Guid(42669a80a0d72ae43bba1e5a14b91590) Importer(815301076,1909f56bfc062723c751e8b465ee728b)
Start importing Assets/models/Textures/SU-Gen Cylinder_tint0xB0B0B0FF.jpg using Guid(42669a80a0d72ae43bba1e5a14b91590) Importer(815301076,1909f56bfc062723c751e8b465ee728b)  -> (artifact id: '620080a39d3cec8a66c11c775f0653f5') in 0.021451 seconds 
  Import took 0.026192 seconds .

========================================================================
Received Import Request.
  Time since last request: 0.000351 seconds.
  path: Assets/models/Textures/studiopostcard.jpg
  artifactKey: Guid(58a8d62d2816bc149b14160a9922a8ec) Importer(815301076,1909f56bfc062723c751e8b465ee728b)
Start importing Assets/models/Textures/studiopostcard.jpg using Guid(58a8d62d2816bc149b14160a9922a8ec) Importer(815301076,1909f56bfc062723c751e8b465ee728b)  -> (artifact id: '90c0757cee05cdb3546f98e738e17424') in 0.022806 seconds 
  Import took 0.028624 seconds .

AssetImportWorkerClient::OnTransportError - code=2 error=End of file
