Using pre-set license
Built from '2020.3/staging' branch; Version is '2020.3.21f1 (a38c86f6690f) revision 10718342'; Using compiler version '192528614'; Build Type 'Release'
OS: 'Windows 10 Enterprise; OS build 18363.1854; Version 1909; 64bit' Language: 'ko' Physical Memory: 16317 MB
BatchMode: 1, IsHumanControllingUs: 0, StartBugReporterOnCrash: 0, Is64bit: 1, IsPro: 0

COMMAND LINE ARGUMENTS:
C:\Program Files\Unity\Hub\Editor\2020.3.21f1\Editor\Unity.exe
-adb2
-batchMode
-noUpm
-name
AssetImportWorker0
-projectPath
C:/Users/multicampus/Desktop/SSAFY/2/PJT3/PJT/unity/PJT3
-logFile
Logs/AssetImportWorker0.log
-srvPort
62559
Successfully changed project path to: C:/Users/multicampus/Desktop/SSAFY/2/PJT3/PJT/unity/PJT3
C:/Users/multicampus/Desktop/SSAFY/2/PJT3/PJT/unity/PJT3
Using Asset Import Pipeline V2.
Refreshing native plugins compatible for Editor in 298.26 ms, found 2 plugins.
Preloading 0 native plugins for Editor in 0.00 ms.
Initialize engine version: 2020.3.21f1 (a38c86f6690f)
[Subsystems] Discovering subsystems at path C:/Program Files/Unity/Hub/Editor/2020.3.21f1/Editor/Data/Resources/UnitySubsystems
[Subsystems] Discovering subsystems at path C:/Users/multicampus/Desktop/SSAFY/2/PJT3/PJT/unity/PJT3/Assets
GfxDevice: creating device client; threaded=0
Direct3D:
    Version:  Direct3D 11.0 [level 11.1]
    Renderer: NVIDIA GeForce GTX 1060 (ID=0x1c20)
    Vendor:   
    VRAM:     6052 MB
    Driver:   30.0.14.7196
Initialize mono
Mono path[0] = 'C:/Program Files/Unity/Hub/Editor/2020.3.21f1/Editor/Data/Managed'
Mono path[1] = 'C:/Program Files/Unity/Hub/Editor/2020.3.21f1/Editor/Data/MonoBleedingEdge/lib/mono/unityjit'
Mono config path = 'C:/Program Files/Unity/Hub/Editor/2020.3.21f1/Editor/Data/MonoBleedingEdge/etc'
Using monoOptions --debugger-agent=transport=dt_socket,embedding=1,server=y,suspend=n,address=127.0.0.1:56372
Begin MonoManager ReloadAssembly
Registering precompiled unity dll's ...
Register platform support module: C:/Program Files/Unity/Hub/Editor/2020.3.21f1/Editor/Data/PlaybackEngines/WebGLSupport/UnityEditor.WebGL.Extensions.dll
Register platform support module: C:/Program Files/Unity/Hub/Editor/2020.3.21f1/Editor/Data/PlaybackEngines/WindowsStandaloneSupport/UnityEditor.WindowsStandalone.Extensions.dll
Registered in 0.003171 seconds.
Native extension for WindowsStandalone target not found
Native extension for WebGL target not found
Refreshing native plugins compatible for Editor in 411.31 ms, found 2 plugins.
Preloading 0 native plugins for Editor in 0.00 ms.
Mono: successfully reloaded assembly
- Completed reload, in  5.619 seconds
Domain Reload Profiling:
	ReloadAssembly (5619ms)
		BeginReloadAssembly (874ms)
			ExecutionOrderSort (0ms)
			DisableScriptedObjects (0ms)
			BackupInstance (0ms)
			ReleaseScriptingObjects (0ms)
			CreateAndSetChildDomain (4ms)
		EndReloadAssembly (1335ms)
			LoadAssemblies (859ms)
			RebuildTransferFunctionScriptingTraits (0ms)
			SetupTypeCache (276ms)
			ReleaseScriptCaches (0ms)
			RebuildScriptCaches (65ms)
			SetupLoadedEditorAssemblies (750ms)
				LogAssemblyErrors (0ms)
				InitializePlatformSupportModulesInManaged (9ms)
				SetLoadedEditorAssemblies (0ms)
				RefreshPlugins (411ms)
				BeforeProcessingInitializeOnLoad (32ms)
				ProcessInitializeOnLoadAttributes (190ms)
				ProcessInitializeOnLoadMethodAttributes (107ms)
				AfterProcessingInitializeOnLoad (0ms)
				EditorAssembliesLoaded (1ms)
			ExecutionOrderSort2 (0ms)
			AwakeInstancesAfterBackupRestoration (0ms)
Platform modules already initialized, skipping
Registering precompiled user dll's ...
Registered in 0.042308 seconds.
Begin MonoManager ReloadAssembly
Native extension for WindowsStandalone target not found
Native extension for WebGL target not found
Refreshing native plugins compatible for Editor in 0.85 ms, found 2 plugins.
Preloading 0 native plugins for Editor in 0.00 ms.
Mono: successfully reloaded assembly
- Completed reload, in  4.190 seconds
Domain Reload Profiling:
	ReloadAssembly (4192ms)
		BeginReloadAssembly (814ms)
			ExecutionOrderSort (0ms)
			DisableScriptedObjects (14ms)
			BackupInstance (0ms)
			ReleaseScriptingObjects (0ms)
			CreateAndSetChildDomain (111ms)
		EndReloadAssembly (3091ms)
			LoadAssemblies (716ms)
			RebuildTransferFunctionScriptingTraits (1ms)
			SetupTypeCache (1517ms)
			ReleaseScriptCaches (1ms)
			RebuildScriptCaches (121ms)
			SetupLoadedEditorAssemblies (677ms)
				LogAssemblyErrors (0ms)
				InitializePlatformSupportModulesInManaged (16ms)
				SetLoadedEditorAssemblies (1ms)
				RefreshPlugins (1ms)
				BeforeProcessingInitializeOnLoad (221ms)
				ProcessInitializeOnLoadAttributes (418ms)
				ProcessInitializeOnLoadMethodAttributes (14ms)
				AfterProcessingInitializeOnLoad (6ms)
				EditorAssembliesLoaded (1ms)
			ExecutionOrderSort2 (0ms)
			AwakeInstancesAfterBackupRestoration (15ms)
Platform modules already initialized, skipping
========================================================================
Worker process is ready to serve import requests
Launched and connected shader compiler UnityShaderCompiler.exe after 0.08 seconds
Refreshing native plugins compatible for Editor in 1.39 ms, found 2 plugins.
Preloading 0 native plugins for Editor in 0.00 ms.
Unloading 1816 Unused Serialized files (Serialized files now loaded: 0)
System memory in use before: 101.1 MB.
System memory in use after: 100.8 MB.

Unloading 25 unused Assets to reduce memory usage. Loaded Objects now: 2261.
Total: 6.719700 ms (FindLiveObjects: 0.269400 ms CreateObjectMapping: 0.129200 ms MarkObjects: 5.807100 ms  DeleteObjects: 0.480400 ms)

AssetImportParameters requested are different than current active one (requested -> active):
  custom:framework-win-MediaFoundation: 216162199b28c13a410421893ffa2e32 -> 
  custom:video-decoder-ogg-theora: a1e56fd34408186e4bbccfd4996cb3dc -> 
  custom:container-muxer-webm: aa71ff27fc2769a1b78a27578f13a17b -> 
  custom:container-demuxer-webm: 4f35f7cbe854078d1ac9338744f61a02 -> 
  custom:container-demuxer-ogg: 62fdf1f143b41e24485cea50d1cbac27 -> 
  custom:video-encoder-webm-vp8: eb34c28f22e8b96e1ab97ce403110664 -> 
  custom:video-decoder-webm-vp8: 9c59270c3fd7afecdb556c50c9e8de78 -> 
  custom:audio-decoder-ogg-vorbis: bf7c407c2cedff20999df2af8eb42d56 -> 
  custom:audio-encoder-webm-vorbis: bf7c407c2cedff20999df2af8eb42d56 -> 
========================================================================
Received Import Request.
  path: Assets/models/Textures/dell1.jpg
  artifactKey: Guid(1118adfff5242f441b6e46dce1823250) Importer(815301076,1909f56bfc062723c751e8b465ee728b)
Start importing Assets/models/Textures/dell1.jpg using Guid(1118adfff5242f441b6e46dce1823250) Importer(815301076,1909f56bfc062723c751e8b465ee728b)  -> (artifact id: '02f9563563b2506b635ad7cc5bb767c0') in 0.561991 seconds 
  Import took 0.567360 seconds .

========================================================================
Received Import Request.
  Time since last request: 0.000408 seconds.
  path: Assets/models/Textures/keyboard_top.png
  artifactKey: Guid(bd29de2f12b097c49b9fe07002f8b8ed) Importer(815301076,1909f56bfc062723c751e8b465ee728b)
Start importing Assets/models/Textures/keyboard_top.png using Guid(bd29de2f12b097c49b9fe07002f8b8ed) Importer(815301076,1909f56bfc062723c751e8b465ee728b)  -> (artifact id: '5d5de06f4f2fa81083ba7dbe80f2fa63') in 0.052848 seconds 
  Import took 0.058893 seconds .

========================================================================
Received Import Request.
  Time since last request: 0.000499 seconds.
  path: Assets/models/Textures/faggio19.jpg
  artifactKey: Guid(b46fa53c8460b4c4f9478efb8ff868f1) Importer(815301076,1909f56bfc062723c751e8b465ee728b)
Start importing Assets/models/Textures/faggio19.jpg using Guid(b46fa53c8460b4c4f9478efb8ff868f1) Importer(815301076,1909f56bfc062723c751e8b465ee728b)  -> (artifact id: '5500a7042b2a32a8cc39ae8afa23ade1') in 0.042537 seconds 
  Import took 0.048849 seconds .

========================================================================
Received Import Request.
  Time since last request: 0.001176 seconds.
  path: Assets/models/Textures/dell5.jpg
  artifactKey: Guid(71255bd79c9186f478a8eac42beb2e30) Importer(815301076,1909f56bfc062723c751e8b465ee728b)
Start importing Assets/models/Textures/dell5.jpg using Guid(71255bd79c9186f478a8eac42beb2e30) Importer(815301076,1909f56bfc062723c751e8b465ee728b)  -> (artifact id: '2ee758435dbc79be79af099ccdcc9444') in 0.036675 seconds 
  Import took 0.044422 seconds .

========================================================================
Received Import Request.
  Time since last request: 0.000429 seconds.
  path: Assets/models/Textures/e0abb4c70ac388340a567b5857850693.jpg
  artifactKey: Guid(10ec9bd34c44dc84c9fa4640898cb535) Importer(815301076,1909f56bfc062723c751e8b465ee728b)
Start importing Assets/models/Textures/e0abb4c70ac388340a567b5857850693.jpg using Guid(10ec9bd34c44dc84c9fa4640898cb535) Importer(815301076,1909f56bfc062723c751e8b465ee728b)  -> (artifact id: '8a64702de29898bac1e189888e7905e1') in 0.043564 seconds 
  Import took 0.049979 seconds .

========================================================================
Received Import Request.
  Time since last request: 0.000443 seconds.
  path: Assets/models/Textures/NewBehaviourScript1.cs
  artifactKey: Guid(2abcbf0bbd4598241b7d11938fdb14fa) Importer(815301076,1909f56bfc062723c751e8b465ee728b)
Start importing Assets/models/Textures/NewBehaviourScript1.cs using Guid(2abcbf0bbd4598241b7d11938fdb14fa) Importer(815301076,1909f56bfc062723c751e8b465ee728b)  -> (artifact id: '85f0308320bf5ca3e727f7cb61059560') in 0.046241 seconds 
  Import took 0.052640 seconds .

========================================================================
Received Import Request.
  Time since last request: 0.000584 seconds.
  path: Assets/models/Textures/DVAS063W.jpg
  artifactKey: Guid(83ba9d7e6216dc748b18d1239cab5951) Importer(815301076,1909f56bfc062723c751e8b465ee728b)
Start importing Assets/models/Textures/DVAS063W.jpg using Guid(83ba9d7e6216dc748b18d1239cab5951) Importer(815301076,1909f56bfc062723c751e8b465ee728b)  -> (artifact id: 'a557135edb9904b27e3737b866312fce') in 0.036728 seconds 
  Import took 0.044516 seconds .

========================================================================
Received Import Request.
  Time since last request: 0.000624 seconds.
  path: Assets/models/Textures/CorrogateShiny_tint0x474747FF.jpg
  artifactKey: Guid(d2732f932d69e7043b1fa52f04c482cb) Importer(815301076,1909f56bfc062723c751e8b465ee728b)
Start importing Assets/models/Textures/CorrogateShiny_tint0x474747FF.jpg using Guid(d2732f932d69e7043b1fa52f04c482cb) Importer(815301076,1909f56bfc062723c751e8b465ee728b)  -> (artifact id: '1c3cf498d18cf96539e481f85beeb188') in 0.043697 seconds 
  Import took 0.050410 seconds .

========================================================================
Received Import Request.
  Time since last request: 0.000443 seconds.
  path: Assets/models/Textures/Groundcover_Dirt_Red.jpg
  artifactKey: Guid(8723f8f9352201f45900934f2f54c6fd) Importer(815301076,1909f56bfc062723c751e8b465ee728b)
Start importing Assets/models/Textures/Groundcover_Dirt_Red.jpg using Guid(8723f8f9352201f45900934f2f54c6fd) Importer(815301076,1909f56bfc062723c751e8b465ee728b)  -> (artifact id: '306dc51fe84ab554803268ff15696654') in 0.099104 seconds 
  Import took 0.106296 seconds .

========================================================================
Received Import Request.
  Time since last request: 0.000647 seconds.
  path: Assets/models/Textures/KitchenTop_tint0x070605FF.jpg
  artifactKey: Guid(30b39331cd6f9bb428f5390b9230f67c) Importer(815301076,1909f56bfc062723c751e8b465ee728b)
Start importing Assets/models/Textures/KitchenTop_tint0x070605FF.jpg using Guid(30b39331cd6f9bb428f5390b9230f67c) Importer(815301076,1909f56bfc062723c751e8b465ee728b)  -> (artifact id: 'e2cc2e2625ef71ae918cd71b471380bd') in 0.217959 seconds 
  Import took 0.226863 seconds .

========================================================================
Received Import Request.
  Time since last request: 0.000519 seconds.
  path: Assets/models/Textures/Herringbone 4x1.png
  artifactKey: Guid(7b6019a9c2617a74f94c3aeb19a212a9) Importer(815301076,1909f56bfc062723c751e8b465ee728b)
Start importing Assets/models/Textures/Herringbone 4x1.png using Guid(7b6019a9c2617a74f94c3aeb19a212a9) Importer(815301076,1909f56bfc062723c751e8b465ee728b)  -> (artifact id: 'b88e618a4d259a32d95af6557dd3cc16') in 0.118580 seconds 
  Import took 0.131857 seconds .

========================================================================
Received Import Request.
  Time since last request: 0.000440 seconds.
  path: Assets/models/Textures/curtains_extractedTex.png
  artifactKey: Guid(454f89ee79cf6e047948c3daa27c4097) Importer(815301076,1909f56bfc062723c751e8b465ee728b)
Start importing Assets/models/Textures/curtains_extractedTex.png using Guid(454f89ee79cf6e047948c3daa27c4097) Importer(815301076,1909f56bfc062723c751e8b465ee728b)  -> (artifact id: '96f7e64cc6c14a06a6b311157826136b') in 0.064850 seconds 
  Import took 0.080047 seconds .

========================================================================
Received Import Request.
  Time since last request: 0.000517 seconds.
  path: Assets/models/Textures/d622b1ab8c6d0bc1ce38f451835409c5.jpg
  artifactKey: Guid(57eb3aeb74b9d4b49bf94e9e6535aa28) Importer(815301076,1909f56bfc062723c751e8b465ee728b)
Start importing Assets/models/Textures/d622b1ab8c6d0bc1ce38f451835409c5.jpg using Guid(57eb3aeb74b9d4b49bf94e9e6535aa28) Importer(815301076,1909f56bfc062723c751e8b465ee728b)  -> (artifact id: '9d61bb5bf31641b7cb8ba7349e053b4b') in 0.047757 seconds 
  Import took 0.053198 seconds .

========================================================================
Received Import Request.
  Time since last request: 0.000463 seconds.
  path: Assets/models/Textures/cote.PNG
  artifactKey: Guid(597c7f9ad1e3e3a4d90edcd65fb1f12a) Importer(815301076,1909f56bfc062723c751e8b465ee728b)
Start importing Assets/models/Textures/cote.PNG using Guid(597c7f9ad1e3e3a4d90edcd65fb1f12a) Importer(815301076,1909f56bfc062723c751e8b465ee728b)  -> (artifact id: '305d1f9033ff85f94acfadf8c783dbfc') in 0.041865 seconds 
  Import took 0.048926 seconds .

========================================================================
Received Import Request.
  Time since last request: 0.000394 seconds.
  path: Assets/models/Textures/granito_preto_absoluto.jpg
  artifactKey: Guid(95b5875c6a16615499a57b9e4ab73876) Importer(815301076,1909f56bfc062723c751e8b465ee728b)
Start importing Assets/models/Textures/granito_preto_absoluto.jpg using Guid(95b5875c6a16615499a57b9e4ab73876) Importer(815301076,1909f56bfc062723c751e8b465ee728b)  -> (artifact id: 'de53fa177697d8dc1392dc29109dec8b') in 0.032776 seconds 
  Import took 0.044164 seconds .

========================================================================
Received Import Request.
  Time since last request: 0.000425 seconds.
  path: Assets/models/Textures/homalw#1_extractedTex.png
  artifactKey: Guid(a4f8217ed8df3154990a41779cace3ea) Importer(815301076,1909f56bfc062723c751e8b465ee728b)
Start importing Assets/models/Textures/homalw#1_extractedTex.png using Guid(a4f8217ed8df3154990a41779cace3ea) Importer(815301076,1909f56bfc062723c751e8b465ee728b)  -> (artifact id: '2c49aee1a8468d392661d6431fc72dce') in 0.038832 seconds 
  Import took 0.045392 seconds .

========================================================================
Received Import Request.
  Time since last request: 0.000513 seconds.
  path: Assets/models/Textures/Fencing_Diamond_Mesh.png
  artifactKey: Guid(1e5ceef4bf88eb74cb386e0689372368) Importer(815301076,1909f56bfc062723c751e8b465ee728b)
Start importing Assets/models/Textures/Fencing_Diamond_Mesh.png using Guid(1e5ceef4bf88eb74cb386e0689372368) Importer(815301076,1909f56bfc062723c751e8b465ee728b)  -> (artifact id: 'd79ad8f3128cb8afe363b301d4e12994') in 0.028027 seconds 
  Import took 0.034096 seconds .

========================================================================
Received Import Request.
  Time since last request: 0.000483 seconds.
  path: Assets/models/Textures/Formica Laminate Light.jpg
  artifactKey: Guid(53908297da3a4f541a07df17d0eec576) Importer(815301076,1909f56bfc062723c751e8b465ee728b)
Start importing Assets/models/Textures/Formica Laminate Light.jpg using Guid(53908297da3a4f541a07df17d0eec576) Importer(815301076,1909f56bfc062723c751e8b465ee728b)  -> (artifact id: '5d2f128cd16e9f4144e0dcb7cfc4180e') in 0.028398 seconds 
  Import took 0.034524 seconds .

========================================================================
Received Import Request.
  Time since last request: 0.000356 seconds.
  path: Assets/models/Textures/f6db4f3d223b435f665c75f09224d2b6.jpg
  artifactKey: Guid(f709b9c0f050fce4f9d8b11391fed648) Importer(815301076,1909f56bfc062723c751e8b465ee728b)
Start importing Assets/models/Textures/f6db4f3d223b435f665c75f09224d2b6.jpg using Guid(f709b9c0f050fce4f9d8b11391fed648) Importer(815301076,1909f56bfc062723c751e8b465ee728b)  -> (artifact id: '7ff683f225b7bd008c9d53ed25a05240') in 0.028235 seconds 
  Import took 0.032853 seconds .

========================================================================
Received Import Request.
  Time since last request: 0.000450 seconds.
  path: Assets/models/Textures/Grey.jpg
  artifactKey: Guid(1326638be37e70949900ffb7a07c930b) Importer(815301076,1909f56bfc062723c751e8b465ee728b)
Start importing Assets/models/Textures/Grey.jpg using Guid(1326638be37e70949900ffb7a07c930b) Importer(815301076,1909f56bfc062723c751e8b465ee728b)  -> (artifact id: 'c57d85bb1ada8d1e52e47f2accd23fae') in 0.029458 seconds 
  Import took 0.035412 seconds .

========================================================================
Received Import Request.
  Time since last request: 0.000420 seconds.
  path: Assets/models/Textures/homalw_extractedTex.png
  artifactKey: Guid(da30095795b5eda46bea2323542e72b6) Importer(815301076,1909f56bfc062723c751e8b465ee728b)
Start importing Assets/models/Textures/homalw_extractedTex.png using Guid(da30095795b5eda46bea2323542e72b6) Importer(815301076,1909f56bfc062723c751e8b465ee728b)  -> (artifact id: '48ff8e2ff4d11eb5936b972685863090') in 0.027496 seconds 
  Import took 0.033076 seconds .

========================================================================
Received Import Request.
  Time since last request: 0.000394 seconds.
  path: Assets/models/Textures/ffa42257c606be3534399d83a5a2bf6c.jpg
  artifactKey: Guid(0b1a315ceedf961488ec428df7bde88b) Importer(815301076,1909f56bfc062723c751e8b465ee728b)
Start importing Assets/models/Textures/ffa42257c606be3534399d83a5a2bf6c.jpg using Guid(0b1a315ceedf961488ec428df7bde88b) Importer(815301076,1909f56bfc062723c751e8b465ee728b)  -> (artifact id: '8d5c15f693d48ce3d32fdf67f3f75abc') in 0.034338 seconds 
  Import took 0.041573 seconds .

========================================================================
Received Import Request.
  Time since last request: 0.000617 seconds.
  path: Assets/models/Textures/homalw#4_extractedTex.png
  artifactKey: Guid(a7b64f0bd3d099042913f78fd1ccb0c4) Importer(815301076,1909f56bfc062723c751e8b465ee728b)
Start importing Assets/models/Textures/homalw#4_extractedTex.png using Guid(a7b64f0bd3d099042913f78fd1ccb0c4) Importer(815301076,1909f56bfc062723c751e8b465ee728b)  -> (artifact id: '7c4f533421c65b02e5427590ba35c991') in 0.027966 seconds 
  Import took 0.033150 seconds .

========================================================================
Received Import Request.
  Time since last request: 0.000417 seconds.
  path: Assets/models/Textures/Green.jpg
  artifactKey: Guid(b7ebad4a029b7274497d7225228b88df) Importer(815301076,1909f56bfc062723c751e8b465ee728b)
Start importing Assets/models/Textures/Green.jpg using Guid(b7ebad4a029b7274497d7225228b88df) Importer(815301076,1909f56bfc062723c751e8b465ee728b)  -> (artifact id: 'ff9ae6909ec1095ef7e0b303c79cb276') in 0.031027 seconds 
  Import took 0.037001 seconds .

========================================================================
Received Import Request.
  Time since last request: 0.000360 seconds.
  path: Assets/models/Textures/face_tint0x92919CFF.PNG
  artifactKey: Guid(1b50b99828c106b4c9cf8849a438163b) Importer(815301076,1909f56bfc062723c751e8b465ee728b)
Start importing Assets/models/Textures/face_tint0x92919CFF.PNG using Guid(1b50b99828c106b4c9cf8849a438163b) Importer(815301076,1909f56bfc062723c751e8b465ee728b)  -> (artifact id: 'cd268f0a810922bb0cee0892a2a63e7f') in 0.030098 seconds 
  Import took 0.034391 seconds .

========================================================================
Received Import Request.
  Time since last request: 0.000343 seconds.
  path: Assets/models/Textures/d2105056b21a2dee0baea8be8c41c424.jpg
  artifactKey: Guid(3a960d5311a3e9a42b10336aa6762c7d) Importer(815301076,1909f56bfc062723c751e8b465ee728b)
Start importing Assets/models/Textures/d2105056b21a2dee0baea8be8c41c424.jpg using Guid(3a960d5311a3e9a42b10336aa6762c7d) Importer(815301076,1909f56bfc062723c751e8b465ee728b)  -> (artifact id: '710a167ab4e1b58367c0f2d0631d60c8') in 0.027183 seconds 
  Import took 0.031642 seconds .

========================================================================
Received Import Request.
  Time since last request: 0.000354 seconds.
  path: Assets/models/Textures/homalw#3_extractedTex.png
  artifactKey: Guid(6958c6f688546874d89664d1436e9587) Importer(815301076,1909f56bfc062723c751e8b465ee728b)
Start importing Assets/models/Textures/homalw#3_extractedTex.png using Guid(6958c6f688546874d89664d1436e9587) Importer(815301076,1909f56bfc062723c751e8b465ee728b)  -> (artifact id: '466bb49a1ec70217214b8094ad22d180') in 0.022958 seconds 
  Import took 0.028106 seconds .

========================================================================
Received Import Request.
  Time since last request: 0.000465 seconds.
  path: Assets/models/Textures/granito_branco_itaunas.jpg
  artifactKey: Guid(10eff12994899544aa80012b2bdd7f15) Importer(815301076,1909f56bfc062723c751e8b465ee728b)
Start importing Assets/models/Textures/granito_branco_itaunas.jpg using Guid(10eff12994899544aa80012b2bdd7f15) Importer(815301076,1909f56bfc062723c751e8b465ee728b)  -> (artifact id: '5102e0ce952bec6cc1b8eefb3a25a580') in 0.025245 seconds 
  Import took 0.033500 seconds .

========================================================================
Received Import Request.
  Time since last request: 0.000404 seconds.
  path: Assets/models/Textures/Groundcover_Granite_Decomp1_tint0x423728FF.jpg
  artifactKey: Guid(27063ea266fa274459653a5b72e99d04) Importer(815301076,1909f56bfc062723c751e8b465ee728b)
Start importing Assets/models/Textures/Groundcover_Granite_Decomp1_tint0x423728FF.jpg using Guid(27063ea266fa274459653a5b72e99d04) Importer(815301076,1909f56bfc062723c751e8b465ee728b)  -> (artifact id: 'dff113628a28bc8dd47aa5bf5723995b') in 0.033130 seconds 
  Import took 0.038603 seconds .

========================================================================
Received Import Request.
  Time since last request: 0.000421 seconds.
  path: Assets/models/Textures/f6deaca83402859fcb16a0bdb5200bec.jpg
  artifactKey: Guid(c07dff1b3c150c24084da7b46a434963) Importer(815301076,1909f56bfc062723c751e8b465ee728b)
Start importing Assets/models/Textures/f6deaca83402859fcb16a0bdb5200bec.jpg using Guid(c07dff1b3c150c24084da7b46a434963) Importer(815301076,1909f56bfc062723c751e8b465ee728b)  -> (artifact id: '89e6289526d30e7d127c6a0e7842c4f2') in 0.028317 seconds 
  Import took 0.033757 seconds .

========================================================================
Received Import Request.
  Time since last request: 0.000418 seconds.
  path: Assets/models/Textures/Formica Laminate Dark.jpg
  artifactKey: Guid(67227f85701c3024eabcffda7ee4a39f) Importer(815301076,1909f56bfc062723c751e8b465ee728b)
Start importing Assets/models/Textures/Formica Laminate Dark.jpg using Guid(67227f85701c3024eabcffda7ee4a39f) Importer(815301076,1909f56bfc062723c751e8b465ee728b)  -> (artifact id: '943ba8851aabab609b7d46086fd29362') in 0.033602 seconds 
  Import took 0.039426 seconds .

========================================================================
Received Import Request.
  Time since last request: 0.000477 seconds.
  path: Assets/models/Textures/gg.jpg
  artifactKey: Guid(14986d32f12b5ed49830807b841aaabe) Importer(815301076,1909f56bfc062723c751e8b465ee728b)
Start importing Assets/models/Textures/gg.jpg using Guid(14986d32f12b5ed49830807b841aaabe) Importer(815301076,1909f56bfc062723c751e8b465ee728b)  -> (artifact id: 'c69df786f66b2665a8b6da215be05cd9') in 0.025454 seconds 
  Import took 0.030239 seconds .

========================================================================
Received Import Request.
  Time since last request: 0.000396 seconds.
  path: Assets/models/Textures/d586341c8589f34aef6b4c58258975dd.jpg
  artifactKey: Guid(c606f309a108d194bbe4e7807ac3e92f) Importer(815301076,1909f56bfc062723c751e8b465ee728b)
Start importing Assets/models/Textures/d586341c8589f34aef6b4c58258975dd.jpg using Guid(c606f309a108d194bbe4e7807ac3e92f) Importer(815301076,1909f56bfc062723c751e8b465ee728b)  -> (artifact id: '430ca6f094abe1fefe32d7a1b914bba6') in 0.021493 seconds 
  Import took 0.027829 seconds .

========================================================================
Received Import Request.
  Time since last request: 0.000366 seconds.
  path: Assets/models/Textures/Fencing_Chain_Link.png
  artifactKey: Guid(49994c0b546385e45b296b10a572bb14) Importer(815301076,1909f56bfc062723c751e8b465ee728b)
Start importing Assets/models/Textures/Fencing_Chain_Link.png using Guid(49994c0b546385e45b296b10a572bb14) Importer(815301076,1909f56bfc062723c751e8b465ee728b)  -> (artifact id: '6a1a77e26f8c1f5bc715e6e7d96cc77c') in 0.028801 seconds 
  Import took 0.034630 seconds .

========================================================================
Received Import Request.
  Time since last request: 0.000399 seconds.
  path: Assets/models/Textures/hole.bmp
  artifactKey: Guid(a03a71b9da7d9b249b3e4a598ccf6a67) Importer(815301076,1909f56bfc062723c751e8b465ee728b)
Start importing Assets/models/Textures/hole.bmp using Guid(a03a71b9da7d9b249b3e4a598ccf6a67) Importer(815301076,1909f56bfc062723c751e8b465ee728b)  -> (artifact id: '2e2d3d5f2eeeca7957cdcfadef71aa8d') in 0.026493 seconds 
  Import took 0.032212 seconds .

========================================================================
Received Import Request.
  Time since last request: 2.015387 seconds.
  path: Assets/models/Textures/NewBehaviourScript.cs
  artifactKey: Guid(db7989151454b4b42a81a7688ea2f9be) Importer(815301076,1909f56bfc062723c751e8b465ee728b)
Start importing Assets/models/Textures/NewBehaviourScript.cs using Guid(db7989151454b4b42a81a7688ea2f9be) Importer(815301076,1909f56bfc062723c751e8b465ee728b)  -> (artifact id: '9f79c2cb2edc957c46860a981b182cdb') in 0.088592 seconds 
  Import took 0.118352 seconds .

========================================================================
Received Prepare
Registering precompiled user dll's ...
Registered in 0.018937 seconds.
Begin MonoManager ReloadAssembly
Native extension for WindowsStandalone target not found
Native extension for WebGL target not found
Refreshing native plugins compatible for Editor in 1.10 ms, found 2 plugins.
Preloading 0 native plugins for Editor in 0.00 ms.
Mono: successfully reloaded assembly
- Completed reload, in  4.993 seconds
Domain Reload Profiling:
	ReloadAssembly (4995ms)
		BeginReloadAssembly (275ms)
			ExecutionOrderSort (0ms)
			DisableScriptedObjects (9ms)
			BackupInstance (0ms)
			ReleaseScriptingObjects (0ms)
			CreateAndSetChildDomain (70ms)
		EndReloadAssembly (4567ms)
			LoadAssemblies (278ms)
			RebuildTransferFunctionScriptingTraits (0ms)
			SetupTypeCache (2234ms)
			ReleaseScriptCaches (4ms)
			RebuildScriptCaches (279ms)
			SetupLoadedEditorAssemblies (1134ms)
				LogAssemblyErrors (0ms)
				InitializePlatformSupportModulesInManaged (16ms)
				SetLoadedEditorAssemblies (1ms)
				RefreshPlugins (1ms)
				BeforeProcessingInitializeOnLoad (229ms)
				ProcessInitializeOnLoadAttributes (849ms)
				ProcessInitializeOnLoadMethodAttributes (25ms)
				AfterProcessingInitializeOnLoad (12ms)
				EditorAssembliesLoaded (1ms)
			ExecutionOrderSort2 (0ms)
			AwakeInstancesAfterBackupRestoration (16ms)
Platform modules already initialized, skipping
Refreshing native plugins compatible for Editor in 0.86 ms, found 2 plugins.
Preloading 0 native plugins for Editor in 0.00 ms.
Unloading 1777 Unused Serialized files (Serialized files now loaded: 0)
System memory in use before: 97.8 MB.
System memory in use after: 97.6 MB.

Unloading 21 unused Assets to reduce memory usage. Loaded Objects now: 2270.
Total: 6.320400 ms (FindLiveObjects: 0.350700 ms CreateObjectMapping: 0.251000 ms MarkObjects: 5.330200 ms  DeleteObjects: 0.386400 ms)

AssetImportParameters requested are different than current active one (requested -> active):
  custom:framework-win-MediaFoundation: 216162199b28c13a410421893ffa2e32 -> 
  custom:video-decoder-ogg-theora: a1e56fd34408186e4bbccfd4996cb3dc -> 
  custom:container-muxer-webm: aa71ff27fc2769a1b78a27578f13a17b -> 
  custom:container-demuxer-webm: 4f35f7cbe854078d1ac9338744f61a02 -> 
  custom:container-demuxer-ogg: 62fdf1f143b41e24485cea50d1cbac27 -> 
  custom:video-encoder-webm-vp8: eb34c28f22e8b96e1ab97ce403110664 -> 
  custom:video-decoder-webm-vp8: 9c59270c3fd7afecdb556c50c9e8de78 -> 
  custom:audio-decoder-ogg-vorbis: bf7c407c2cedff20999df2af8eb42d56 -> 
  custom:audio-encoder-webm-vorbis: bf7c407c2cedff20999df2af8eb42d56 -> 
========================================================================
Received Import Request.
  Time since last request: 105.701623 seconds.
  path: Assets/Photon Unity Networking/Resources/PhotonServerSettings.asset
  artifactKey: Guid(92df2d1d5324e8f448c99381cd43c683) Importer(815301076,1909f56bfc062723c751e8b465ee728b)
Start importing Assets/Photon Unity Networking/Resources/PhotonServerSettings.asset using Guid(92df2d1d5324e8f448c99381cd43c683) Importer(815301076,1909f56bfc062723c751e8b465ee728b)  -> (artifact id: 'eae4a03e5641886740e3cb3498298c8e') in 0.140682 seconds 
  Import took 0.155238 seconds .

========================================================================
Received Import Request.
  Time since last request: 124.204160 seconds.
  path: Assets/Photon Unity Networking/Resources/PhotonServerSettings.asset
  artifactKey: Guid(92df2d1d5324e8f448c99381cd43c683) Importer(815301076,1909f56bfc062723c751e8b465ee728b)
Start importing Assets/Photon Unity Networking/Resources/PhotonServerSettings.asset using Guid(92df2d1d5324e8f448c99381cd43c683) Importer(815301076,1909f56bfc062723c751e8b465ee728b)  -> (artifact id: '1195d3b782a2be5988e67ebf38beabfd') in 0.111249 seconds 
  Import took 0.152603 seconds .

========================================================================
Received Prepare
Registering precompiled user dll's ...
Registered in 0.016556 seconds.
Begin MonoManager ReloadAssembly
Native extension for WindowsStandalone target not found
Native extension for WebGL target not found
Refreshing native plugins compatible for Editor in 1.66 ms, found 2 plugins.
Preloading 0 native plugins for Editor in 0.00 ms.
Mono: successfully reloaded assembly
- Completed reload, in  3.159 seconds
Domain Reload Profiling:
	ReloadAssembly (3171ms)
		BeginReloadAssembly (354ms)
			ExecutionOrderSort (0ms)
			DisableScriptedObjects (16ms)
			BackupInstance (0ms)
			ReleaseScriptingObjects (0ms)
			CreateAndSetChildDomain (96ms)
		EndReloadAssembly (2662ms)
			LoadAssemblies (293ms)
			RebuildTransferFunctionScriptingTraits (0ms)
			SetupTypeCache (995ms)
			ReleaseScriptCaches (3ms)
			RebuildScriptCaches (209ms)
			SetupLoadedEditorAssemblies (815ms)
				LogAssemblyErrors (0ms)
				InitializePlatformSupportModulesInManaged (33ms)
				SetLoadedEditorAssemblies (2ms)
				RefreshPlugins (2ms)
				BeforeProcessingInitializeOnLoad (199ms)
				ProcessInitializeOnLoadAttributes (555ms)
				ProcessInitializeOnLoadMethodAttributes (16ms)
				AfterProcessingInitializeOnLoad (8ms)
				EditorAssembliesLoaded (1ms)
			ExecutionOrderSort2 (0ms)
			AwakeInstancesAfterBackupRestoration (13ms)
Platform modules already initialized, skipping
Refreshing native plugins compatible for Editor in 0.93 ms, found 2 plugins.
Preloading 0 native plugins for Editor in 0.00 ms.
Unloading 1777 Unused Serialized files (Serialized files now loaded: 0)
System memory in use before: 97.9 MB.
System memory in use after: 97.7 MB.

Unloading 20 unused Assets to reduce memory usage. Loaded Objects now: 2272.
Total: 5.928200 ms (FindLiveObjects: 0.247000 ms CreateObjectMapping: 0.103800 ms MarkObjects: 5.142000 ms  DeleteObjects: 0.433600 ms)

AssetImportParameters requested are different than current active one (requested -> active):
  custom:framework-win-MediaFoundation: 216162199b28c13a410421893ffa2e32 -> 
  custom:video-decoder-ogg-theora: a1e56fd34408186e4bbccfd4996cb3dc -> 
  custom:container-muxer-webm: aa71ff27fc2769a1b78a27578f13a17b -> 
  custom:container-demuxer-webm: 4f35f7cbe854078d1ac9338744f61a02 -> 
  custom:container-demuxer-ogg: 62fdf1f143b41e24485cea50d1cbac27 -> 
  custom:video-encoder-webm-vp8: eb34c28f22e8b96e1ab97ce403110664 -> 
  custom:video-decoder-webm-vp8: 9c59270c3fd7afecdb556c50c9e8de78 -> 
  custom:audio-decoder-ogg-vorbis: bf7c407c2cedff20999df2af8eb42d56 -> 
  custom:audio-encoder-webm-vorbis: bf7c407c2cedff20999df2af8eb42d56 -> 
========================================================================
Received Prepare
Refreshing native plugins compatible for Editor in 12.56 ms, found 2 plugins.
Preloading 0 native plugins for Editor in 0.00 ms.
Unloading 18 Unused Serialized files (Serialized files now loaded: 0)
System memory in use before: 63.1 MB.
System memory in use after: 62.9 MB.

Unloading 18 unused Assets to reduce memory usage. Loaded Objects now: 2272.
Total: 6.367100 ms (FindLiveObjects: 0.381700 ms CreateObjectMapping: 0.154200 ms MarkObjects: 5.407200 ms  DeleteObjects: 0.421900 ms)

AssetImportParameters requested are different than current active one (requested -> active):
  custom:framework-win-MediaFoundation: 216162199b28c13a410421893ffa2e32 -> 
  custom:video-decoder-ogg-theora: a1e56fd34408186e4bbccfd4996cb3dc -> 
  custom:container-muxer-webm: aa71ff27fc2769a1b78a27578f13a17b -> 
  custom:container-demuxer-webm: 4f35f7cbe854078d1ac9338744f61a02 -> 
  custom:container-demuxer-ogg: 62fdf1f143b41e24485cea50d1cbac27 -> 
  custom:video-encoder-webm-vp8: eb34c28f22e8b96e1ab97ce403110664 -> 
  custom:video-decoder-webm-vp8: 9c59270c3fd7afecdb556c50c9e8de78 -> 
  custom:audio-decoder-ogg-vorbis: bf7c407c2cedff20999df2af8eb42d56 -> 
  custom:audio-encoder-webm-vorbis: bf7c407c2cedff20999df2af8eb42d56 -> 
AssetImportWorkerClient::OnTransportError - code=2 error=End of file
